WARNING: A terminally deprecated method in sun.misc.Unsafe has been called
WARNING: sun.misc.Unsafe::staticFieldBase has been called by com.google.inject.internal.aop.HiddenClassDefiner (file:/C:/Users/rushi/.m2/wrapper/dists/apache-maven-3.9.11/03d7e36a140982eea48e22c1dcac01d8862b2550b2939e09a0809bbc5182a5bc/lib/guice-5.1.0-classes.jar)
WARNING: Please consider reporting this to the maintainers of class com.google.inject.internal.aop.HiddenClassDefiner
WARNING: sun.misc.Unsafe::staticFieldBase will be removed in a future release
[INFO] Scanning for projects...
[INFO] 
[INFO] -----------------< com.resume.builder:resume-builder >------------------
[INFO] Building resume-builder 0.0.1-SNAPSHOT
[INFO]   from pom.xml
[INFO] --------------------------------[ jar ]---------------------------------
[INFO] 
[INFO] >>> spring-boot:4.0.0:run (default-cli) > test-compile @ resume-builder >>>
[INFO] 
[INFO] --- resources:3.3.1:resources (default-resources) @ resume-builder ---
[INFO] Copying 1 resource from src\main\resources to target\classes
[INFO] Copying 3 resources from src\main\resources to target\classes
[INFO] 
[INFO] --- compiler:3.14.1:compile (default-compile) @ resume-builder ---
[INFO] Nothing to compile - all classes are up to date.
[INFO] 
[INFO] --- resources:3.3.1:testResources (default-testResources) @ resume-builder ---
[INFO] Not copying test resources
[INFO] 
[INFO] --- compiler:3.14.1:testCompile (default-testCompile) @ resume-builder ---
[INFO] Not compiling test sources
[INFO] 
[INFO] <<< spring-boot:4.0.0:run (default-cli) < test-compile @ resume-builder <<<
[INFO] 
[INFO] 
[INFO] --- spring-boot:4.0.0:run (default-cli) @ resume-builder ---
[INFO] Attaching agents: []

  .   ____          _            __ _ _
 /\\ / ___'_ __ _ _(_)_ __  __ _ \ \ \ \
( ( )\___ | '_ | '_| | '_ \/ _` | \ \ \ \
 \\/  ___)| |_)| | | | | || (_| |  ) ) ) )
  '  |____| .__|_| |_|_| |_\__, | / / / /
 =========|_|==============|___/=/_/_/_/

 :: Spring Boot ::                (v4.0.0)

2026-02-15T16:13:19.978+05:30  INFO 17004 --- [resume-builder] [           main] c.r.b.r.ResumeBuilderApplication         : Starting ResumeBuilderApplication using Java 25.0.2 with PID 17004 (D:\My Studies\Java\resume-builder\target\classes started by rushi in D:\My Studies\Java\resume-builder)
2026-02-15T16:13:19.981+05:30  INFO 17004 --- [resume-builder] [           main] c.r.b.r.ResumeBuilderApplication         : No active profile set, falling back to 1 default profile: "default"
2026-02-15T16:13:20.993+05:30  INFO 17004 --- [resume-builder] [           main] o.s.boot.tomcat.TomcatWebServer          : Tomcat initialized with port 8081 (http)
2026-02-15T16:13:21.010+05:30  INFO 17004 --- [resume-builder] [           main] o.apache.catalina.core.StandardService   : Starting service [Tomcat]
2026-02-15T16:13:21.011+05:30  INFO 17004 --- [resume-builder] [           main] o.apache.catalina.core.StandardEngine    : Starting Servlet engine: [Apache Tomcat/11.0.14]
2026-02-15T16:13:21.129+05:30  INFO 17004 --- [resume-builder] [           main] b.w.c.s.WebApplicationContextInitializer : Root WebApplicationContext: initialization completed in 1061 ms
2026-02-15T16:13:21.279+05:30  INFO 17004 --- [resume-builder] [           main] o.s.b.w.a.WelcomePageHandlerMapping      : Adding welcome page: class path resource [static/index.html]
2026-02-15T16:13:21.493+05:30  WARN 17004 --- [resume-builder] [           main] ion$DefaultTemplateResolverConfiguration : Cannot find template location: classpath:/templates/ (please add some templates, check your Thymeleaf configuration, or set spring.thymeleaf.check-template-location=false)
2026-02-15T16:13:22.150+05:30  INFO 17004 --- [resume-builder] [           main] o.s.boot.tomcat.TomcatWebServer          : Tomcat started on port 8081 (http) with context path '/'
2026-02-15T16:13:22.155+05:30  INFO 17004 --- [resume-builder] [           main] c.r.b.r.ResumeBuilderApplication         : Started ResumeBuilderApplication in 2.606 seconds (process running for 3.051)
^C